<?xml version="1.0" encoding="UTF-8"?>
<!-- Generated by org.testng.reporters.JUnitReportReporter -->
<testsuite hostname="LAPTOP-KJJ88JC5" failures="0" tests="1" name="com.amazon.runner.testRunner" time="0.006" errors="0" timestamp="2021-09-15T19:03:04 IST" skipped="0">
  <testcase classname="com.amazon.runner.testRunner" name="method1" time="0.006"/>
  <system-out/>
</testsuite> <!-- com.amazon.runner.testRunner -->
